  SerialClass.cpp
  Source.cpp
C:\Users\olsso\OneDrive\Documentos\GitHub\twA109_2122-control_de_reaccion\CODIGO\cod_final_C\Source.cpp(52,7): warning C4101: 'fallo': variable local sin referencia
C:\Users\olsso\OneDrive\Documentos\GitHub\twA109_2122-control_de_reaccion\CODIGO\cod_final_C\Source.cpp(204,10): warning C4473: "scanf_s": no se pasaron suficientes argumentos para la cadena de formato
C:\Users\olsso\OneDrive\Documentos\GitHub\twA109_2122-control_de_reaccion\CODIGO\cod_final_C\Source.cpp(204,10): message : los marcadores de posición y sus parámetros esperan 2 argumentos variádicos, pero se proporcionaron 1
C:\Users\olsso\OneDrive\Documentos\GitHub\twA109_2122-control_de_reaccion\CODIGO\cod_final_C\Source.cpp(204,10): message : el argumento variádico 2 que falta es requerido por la cadena de formato '%c'
C:\Users\olsso\OneDrive\Documentos\GitHub\twA109_2122-control_de_reaccion\CODIGO\cod_final_C\Source.cpp(204,10): message : este argumento se utiliza como un tamaño de búfer
C:\Users\olsso\OneDrive\Documentos\GitHub\twA109_2122-control_de_reaccion\CODIGO\cod_final_C\Source.cpp(250,11): warning C4244: 'inicializando': conversión de 'double' a 'float'; posible pérdida de datos
C:\Users\olsso\OneDrive\Documentos\GitHub\twA109_2122-control_de_reaccion\CODIGO\cod_final_C\Source.cpp(304,24): warning C4244: '=': conversión de 'int' a 'float'; posible pérdida de datos
C:\Users\olsso\OneDrive\Documentos\GitHub\twA109_2122-control_de_reaccion\CODIGO\cod_final_C\Source.cpp(339,66): warning C4267: 'argumento': conversión de 'size_t' a 'unsigned int'; posible pérdida de datos
C:\Users\olsso\OneDrive\Documentos\GitHub\twA109_2122-control_de_reaccion\CODIGO\cod_final_C\Source.cpp(371,25): warning C4244: '=': conversión de 'int' a 'float'; posible pérdida de datos
C:\Users\olsso\OneDrive\Documentos\GitHub\twA109_2122-control_de_reaccion\CODIGO\cod_final_C\Source.cpp(372,24): warning C4244: '=': conversión de 'int' a 'float'; posible pérdida de datos
C:\Users\olsso\OneDrive\Documentos\GitHub\twA109_2122-control_de_reaccion\CODIGO\cod_final_C\Source.cpp(396,10): warning C4473: "scanf_s": no se pasaron suficientes argumentos para la cadena de formato
C:\Users\olsso\OneDrive\Documentos\GitHub\twA109_2122-control_de_reaccion\CODIGO\cod_final_C\Source.cpp(396,10): message : los marcadores de posición y sus parámetros esperan 2 argumentos variádicos, pero se proporcionaron 1
C:\Users\olsso\OneDrive\Documentos\GitHub\twA109_2122-control_de_reaccion\CODIGO\cod_final_C\Source.cpp(396,10): message : el argumento variádico 2 que falta es requerido por la cadena de formato '%c'
C:\Users\olsso\OneDrive\Documentos\GitHub\twA109_2122-control_de_reaccion\CODIGO\cod_final_C\Source.cpp(396,10): message : este argumento se utiliza como un tamaño de búfer
C:\Users\olsso\OneDrive\Documentos\GitHub\twA109_2122-control_de_reaccion\CODIGO\cod_final_C\Source.cpp(408,25): warning C4244: '=': conversión de 'int' a 'float'; posible pérdida de datos
C:\Users\olsso\OneDrive\Documentos\GitHub\twA109_2122-control_de_reaccion\CODIGO\cod_final_C\Source.cpp(409,24): warning C4244: '=': conversión de 'int' a 'float'; posible pérdida de datos
C:\Users\olsso\OneDrive\Documentos\GitHub\twA109_2122-control_de_reaccion\CODIGO\cod_final_C\Source.cpp(469,10): warning C4473: "scanf_s": no se pasaron suficientes argumentos para la cadena de formato
C:\Users\olsso\OneDrive\Documentos\GitHub\twA109_2122-control_de_reaccion\CODIGO\cod_final_C\Source.cpp(469,10): message : los marcadores de posición y sus parámetros esperan 2 argumentos variádicos, pero se proporcionaron 1
C:\Users\olsso\OneDrive\Documentos\GitHub\twA109_2122-control_de_reaccion\CODIGO\cod_final_C\Source.cpp(469,10): message : el argumento variádico 2 que falta es requerido por la cadena de formato '%c'
C:\Users\olsso\OneDrive\Documentos\GitHub\twA109_2122-control_de_reaccion\CODIGO\cod_final_C\Source.cpp(469,10): message : este argumento se utiliza como un tamaño de búfer
C:\Users\olsso\OneDrive\Documentos\GitHub\twA109_2122-control_de_reaccion\CODIGO\cod_final_C\Source.cpp(495,10): warning C4473: "scanf_s": no se pasaron suficientes argumentos para la cadena de formato
C:\Users\olsso\OneDrive\Documentos\GitHub\twA109_2122-control_de_reaccion\CODIGO\cod_final_C\Source.cpp(495,10): message : los marcadores de posición y sus parámetros esperan 2 argumentos variádicos, pero se proporcionaron 1
C:\Users\olsso\OneDrive\Documentos\GitHub\twA109_2122-control_de_reaccion\CODIGO\cod_final_C\Source.cpp(495,10): message : el argumento variádico 2 que falta es requerido por la cadena de formato '%c'
C:\Users\olsso\OneDrive\Documentos\GitHub\twA109_2122-control_de_reaccion\CODIGO\cod_final_C\Source.cpp(495,10): message : este argumento se utiliza como un tamaño de búfer
C:\Users\olsso\OneDrive\Documentos\GitHub\twA109_2122-control_de_reaccion\CODIGO\cod_final_C\Source.cpp(496,10): warning C4473: "scanf_s": no se pasaron suficientes argumentos para la cadena de formato
C:\Users\olsso\OneDrive\Documentos\GitHub\twA109_2122-control_de_reaccion\CODIGO\cod_final_C\Source.cpp(496,10): message : los marcadores de posición y sus parámetros esperan 2 argumentos variádicos, pero se proporcionaron 1
C:\Users\olsso\OneDrive\Documentos\GitHub\twA109_2122-control_de_reaccion\CODIGO\cod_final_C\Source.cpp(496,10): message : el argumento variádico 2 que falta es requerido por la cadena de formato '%c'
C:\Users\olsso\OneDrive\Documentos\GitHub\twA109_2122-control_de_reaccion\CODIGO\cod_final_C\Source.cpp(496,10): message : este argumento se utiliza como un tamaño de búfer
C:\Users\olsso\OneDrive\Documentos\GitHub\twA109_2122-control_de_reaccion\CODIGO\cod_final_C\Source.cpp(507,7): warning C4101: 'fallo': variable local sin referencia
C:\Users\olsso\OneDrive\Documentos\GitHub\twA109_2122-control_de_reaccion\CODIGO\cod_final_C\Source.cpp(621,10): warning C4473: "scanf_s": no se pasaron suficientes argumentos para la cadena de formato
C:\Users\olsso\OneDrive\Documentos\GitHub\twA109_2122-control_de_reaccion\CODIGO\cod_final_C\Source.cpp(621,10): message : los marcadores de posición y sus parámetros esperan 2 argumentos variádicos, pero se proporcionaron 1
C:\Users\olsso\OneDrive\Documentos\GitHub\twA109_2122-control_de_reaccion\CODIGO\cod_final_C\Source.cpp(621,10): message : el argumento variádico 2 que falta es requerido por la cadena de formato '%c'
C:\Users\olsso\OneDrive\Documentos\GitHub\twA109_2122-control_de_reaccion\CODIGO\cod_final_C\Source.cpp(621,10): message : este argumento se utiliza como un tamaño de búfer
C:\Users\olsso\OneDrive\Documentos\GitHub\twA109_2122-control_de_reaccion\CODIGO\cod_final_C\Source.cpp(709,10): warning C4473: "scanf_s": no se pasaron suficientes argumentos para la cadena de formato
C:\Users\olsso\OneDrive\Documentos\GitHub\twA109_2122-control_de_reaccion\CODIGO\cod_final_C\Source.cpp(709,10): message : los marcadores de posición y sus parámetros esperan 2 argumentos variádicos, pero se proporcionaron 1
C:\Users\olsso\OneDrive\Documentos\GitHub\twA109_2122-control_de_reaccion\CODIGO\cod_final_C\Source.cpp(709,10): message : el argumento variádico 2 que falta es requerido por la cadena de formato '%c'
C:\Users\olsso\OneDrive\Documentos\GitHub\twA109_2122-control_de_reaccion\CODIGO\cod_final_C\Source.cpp(709,10): message : este argumento se utiliza como un tamaño de búfer
C:\Users\olsso\OneDrive\Documentos\GitHub\twA109_2122-control_de_reaccion\CODIGO\cod_final_C\Source.cpp(760,12): warning C4473: "scanf_s": no se pasaron suficientes argumentos para la cadena de formato
C:\Users\olsso\OneDrive\Documentos\GitHub\twA109_2122-control_de_reaccion\CODIGO\cod_final_C\Source.cpp(760,12): message : los marcadores de posición y sus parámetros esperan 2 argumentos variádicos, pero se proporcionaron 1
C:\Users\olsso\OneDrive\Documentos\GitHub\twA109_2122-control_de_reaccion\CODIGO\cod_final_C\Source.cpp(760,12): message : el argumento variádico 2 que falta es requerido por la cadena de formato '%c'
C:\Users\olsso\OneDrive\Documentos\GitHub\twA109_2122-control_de_reaccion\CODIGO\cod_final_C\Source.cpp(760,12): message : este argumento se utiliza como un tamaño de búfer
C:\Users\olsso\OneDrive\Documentos\GitHub\twA109_2122-control_de_reaccion\CODIGO\cod_final_C\Source.cpp(699,7): warning C4101: 'nombreg': variable local sin referencia
C:\Users\olsso\OneDrive\Documentos\GitHub\twA109_2122-control_de_reaccion\CODIGO\cod_final_C\Source.cpp(799,10): warning C4473: "scanf_s": no se pasaron suficientes argumentos para la cadena de formato
C:\Users\olsso\OneDrive\Documentos\GitHub\twA109_2122-control_de_reaccion\CODIGO\cod_final_C\Source.cpp(799,10): message : los marcadores de posición y sus parámetros esperan 2 argumentos variádicos, pero se proporcionaron 1
C:\Users\olsso\OneDrive\Documentos\GitHub\twA109_2122-control_de_reaccion\CODIGO\cod_final_C\Source.cpp(799,10): message : el argumento variádico 2 que falta es requerido por la cadena de formato '%c'
C:\Users\olsso\OneDrive\Documentos\GitHub\twA109_2122-control_de_reaccion\CODIGO\cod_final_C\Source.cpp(799,10): message : este argumento se utiliza como un tamaño de búfer
C:\Users\olsso\OneDrive\Documentos\GitHub\twA109_2122-control_de_reaccion\CODIGO\cod_final_C\Source.cpp(840,11): warning C4473: "scanf_s": no se pasaron suficientes argumentos para la cadena de formato
C:\Users\olsso\OneDrive\Documentos\GitHub\twA109_2122-control_de_reaccion\CODIGO\cod_final_C\Source.cpp(840,11): message : los marcadores de posición y sus parámetros esperan 2 argumentos variádicos, pero se proporcionaron 1
C:\Users\olsso\OneDrive\Documentos\GitHub\twA109_2122-control_de_reaccion\CODIGO\cod_final_C\Source.cpp(840,11): message : el argumento variádico 2 que falta es requerido por la cadena de formato '%c'
C:\Users\olsso\OneDrive\Documentos\GitHub\twA109_2122-control_de_reaccion\CODIGO\cod_final_C\Source.cpp(840,11): message : este argumento se utiliza como un tamaño de búfer
C:\Users\olsso\OneDrive\Documentos\GitHub\twA109_2122-control_de_reaccion\CODIGO\cod_final_C\Source.cpp(841,11): warning C4473: "scanf_s": no se pasaron suficientes argumentos para la cadena de formato
C:\Users\olsso\OneDrive\Documentos\GitHub\twA109_2122-control_de_reaccion\CODIGO\cod_final_C\Source.cpp(841,11): message : los marcadores de posición y sus parámetros esperan 2 argumentos variádicos, pero se proporcionaron 1
C:\Users\olsso\OneDrive\Documentos\GitHub\twA109_2122-control_de_reaccion\CODIGO\cod_final_C\Source.cpp(841,11): message : el argumento variádico 2 que falta es requerido por la cadena de formato '%c'
C:\Users\olsso\OneDrive\Documentos\GitHub\twA109_2122-control_de_reaccion\CODIGO\cod_final_C\Source.cpp(841,11): message : este argumento se utiliza como un tamaño de búfer
C:\Users\olsso\OneDrive\Documentos\GitHub\twA109_2122-control_de_reaccion\CODIGO\cod_final_C\Source.cpp(845,11): warning C4473: "scanf_s": no se pasaron suficientes argumentos para la cadena de formato
C:\Users\olsso\OneDrive\Documentos\GitHub\twA109_2122-control_de_reaccion\CODIGO\cod_final_C\Source.cpp(845,11): message : los marcadores de posición y sus parámetros esperan 2 argumentos variádicos, pero se proporcionaron 1
C:\Users\olsso\OneDrive\Documentos\GitHub\twA109_2122-control_de_reaccion\CODIGO\cod_final_C\Source.cpp(845,11): message : el argumento variádico 2 que falta es requerido por la cadena de formato '%c'
C:\Users\olsso\OneDrive\Documentos\GitHub\twA109_2122-control_de_reaccion\CODIGO\cod_final_C\Source.cpp(845,11): message : este argumento se utiliza como un tamaño de búfer
  Generando código...
  cod_final_C.vcxproj -> C:\Users\olsso\OneDrive\Documentos\GitHub\twA109_2122-control_de_reaccion\CODIGO\cod_final_C\x64\Debug\cod_final_C.exe
